# JRE version: Java(TM) SE Runtime Environment (8.0_101-b13) (build 1.8.0_101-b13)
# Java VM: Java HotSpot(TM) 64-Bit Server VM (25.101-b13 mixed mode windows-amd64 compressed oops)
Heap:
 PSYoungGen      total 210944K, used 20212K [0x0000000780580000, 0x00000007ab700000, 0x00000007c0000000)
  eden space 207872K, 8% used [0x0000000780580000,0x00000007816a15e0,0x000000078d080000)
  from space 3072K, 86% used [0x00000007ab100000,0x00000007ab39bc70,0x00000007ab400000)
  to   space 3072K, 0% used [0x00000007ab400000,0x00000007ab400000,0x00000007ab700000)
 ParOldGen       total 1587712K, used 848087K [0x0000000701000000, 0x0000000761e80000, 0x0000000780580000)
  object space 1587712K, 53% used [0x0000000701000000,0x0000000734c35d10,0x0000000761e80000)
 Metaspace       used 18185K, capacity 18534K, committed 18688K, reserved 1067008K
  class space    used 1876K, capacity 2007K, committed 2048K, reserved 1048576K
GC Heap History (10 events):
Event: 2846.631 GC heap before
{Heap before GC invocations=760 (full 39):
 PSYoungGen      total 215552K, used 215379K [0x0000000780580000, 0x00000007ac100000, 0x00000007c0000000)
  eden space 212992K, 100% used [0x0000000780580000,0x000000078d580000,0x000000078d580000)
  from space 2560K, 93% used [0x00000007abe80000,0x00000007ac0d4eb0,0x00000007ac100000)
  to   space 4608K, 0% used [0x00000007ab800000,0x00000007ab800000,0x00000007abc80000)
 ParOldGen       total 1587712K, used 847463K [0x0000000701000000, 0x0000000761e80000, 0x0000000780580000)
  object space 1587712K, 53% used [0x0000000701000000,0x0000000734b99d00,0x0000000761e80000)
 Metaspace       used 18185K, capacity 18534K, committed 18688K, reserved 1067008K
  class space    used 1876K, capacity 2007K, committed 2048K, reserved 1048576K
Event: 2846.643 GC heap after
Heap after GC invocations=760 (full 39):
 PSYoungGen      total 214528K, used 2286K [0x0000000780580000, 0x00000007abf00000, 0x00000007c0000000)
  eden space 211968K, 0% used [0x0000000780580000,0x0000000780580000,0x000000078d480000)
  from space 2560K, 89% used [0x00000007ab800000,0x00000007aba3b960,0x00000007aba80000)
  to   space 4608K, 0% used [0x00000007aba80000,0x00000007aba80000,0x00000007abf00000)
 ParOldGen       total 1587712K, used 847679K [0x0000000701000000, 0x0000000761e80000, 0x0000000780580000)
  object space 1587712K, 53% used [0x0000000701000000,0x0000000734bcfd10,0x0000000761e80000)
 Metaspace       used 18185K, capacity 18534K, committed 18688K, reserved 1067008K
  class space    used 1876K, capacity 2007K, committed 2048K, reserved 1048576K
}
Event: 2862.687 GC heap before
{Heap before GC invocations=761 (full 39):
 PSYoungGen      total 214528K, used 214254K [0x0000000780580000, 0x00000007abf00000, 0x00000007c0000000)
  eden space 211968K, 100% used [0x0000000780580000,0x000000078d480000,0x000000078d480000)
  from space 2560K, 89% used [0x00000007ab800000,0x00000007aba3b960,0x00000007aba80000)
  to   space 4608K, 0% used [0x00000007aba80000,0x00000007aba80000,0x00000007abf00000)
 ParOldGen       total 1587712K, used 847679K [0x0000000701000000, 0x0000000761e80000, 0x0000000780580000)
  object space 1587712K, 53% used [0x0000000701000000,0x0000000734bcfd10,0x0000000761e80000)
 Metaspace       used 18185K, capacity 18534K, committed 18688K, reserved 1067008K
  class space    used 1876K, capacity 2007K, committed 2048K, reserved 1048576K
Event: 2862.702 GC heap after
Heap after GC invocations=761 (full 39):
 PSYoungGen      total 213504K, used 2272K [0x0000000780580000, 0x00000007abd00000, 0x00000007c0000000)
  eden space 210944K, 0% used [0x0000000780580000,0x0000000780580000,0x000000078d380000)
  from space 2560K, 88% used [0x00000007aba80000,0x00000007abcb80d0,0x00000007abd00000)
  to   space 4608K, 0% used [0x00000007ab400000,0x00000007ab400000,0x00000007ab880000)
 ParOldGen       total 1587712K, used 847807K [0x0000000701000000, 0x0000000761e80000, 0x0000000780580000)
  object space 1587712K, 53% used [0x0000000701000000,0x0000000734befd10,0x0000000761e80000)
 Metaspace       used 18185K, capacity 18534K, committed 18688K, reserved 1067008K
  class space    used 1876K, capacity 2007K, committed 2048K, reserved 1048576K
}
Event: 2879.300 GC heap before
{Heap before GC invocations=762 (full 39):
 PSYoungGen      total 213504K, used 213216K [0x0000000780580000, 0x00000007abd00000, 0x00000007c0000000)
  eden space 210944K, 100% used [0x0000000780580000,0x000000078d380000,0x000000078d380000)
  from space 2560K, 88% used [0x00000007aba80000,0x00000007abcb80d0,0x00000007abd00000)
  to   space 4608K, 0% used [0x00000007ab400000,0x00000007ab400000,0x00000007ab880000)
 ParOldGen       total 1587712K, used 847807K [0x0000000701000000, 0x0000000761e80000, 0x0000000780580000)
  object space 1587712K, 53% used [0x0000000701000000,0x0000000734befd10,0x0000000761e80000)
 Metaspace       used 18185K, capacity 18534K, committed 18688K, reserved 1067008K
  class space    used 1876K, capacity 2007K, committed 2048K, reserved 1048576K
Event: 2879.306 GC heap after
Heap after GC invocations=762 (full 39):
 PSYoungGen      total 212480K, used 2429K [0x0000000780580000, 0x00000007abb00000, 0x00000007c0000000)
  eden space 209920K, 0% used [0x0000000780580000,0x0000000780580000,0x000000078d280000)
  from space 2560K, 94% used [0x00000007ab400000,0x00000007ab65f5e8,0x00000007ab680000)
  to   space 4608K, 0% used [0x00000007ab680000,0x00000007ab680000,0x00000007abb00000)
 ParOldGen       total 1587712K, used 847903K [0x0000000701000000, 0x0000000761e80000, 0x0000000780580000)
  object space 1587712K, 53% used [0x0000000701000000,0x0000000734c07d10,0x0000000761e80000)
 Metaspace       used 18185K, capacity 18534K, committed 18688K, reserved 1067008K
  class space    used 1876K, capacity 2007K, committed 2048K, reserved 1048576K
}
Event: 2895.879 GC heap before
{Heap before GC invocations=763 (full 39):
 PSYoungGen      total 212480K, used 212349K [0x0000000780580000, 0x00000007abb00000, 0x00000007c0000000)
  eden space 209920K, 100% used [0x0000000780580000,0x000000078d280000,0x000000078d280000)
  from space 2560K, 94% used [0x00000007ab400000,0x00000007ab65f5e8,0x00000007ab680000)
  to   space 4608K, 0% used [0x00000007ab680000,0x00000007ab680000,0x00000007abb00000)
 ParOldGen       total 1587712K, used 847903K [0x0000000701000000, 0x0000000761e80000, 0x0000000780580000)
  object space 1587712K, 53% used [0x0000000701000000,0x0000000734c07d10,0x0000000761e80000)
 Metaspace       used 18185K, capacity 18534K, committed 18688K, reserved 1067008K
  class space    used 1876K, capacity 2007K, committed 2048K, reserved 1048576K
Event: 2895.888 GC heap after
Heap after GC invocations=763 (full 39):
 PSYoungGen      total 211456K, used 2417K [0x0000000780580000, 0x00000007ab900000, 0x00000007c0000000)
  eden space 208896K, 0% used [0x0000000780580000,0x0000000780580000,0x000000078d180000)
  from space 2560K, 94% used [0x00000007ab680000,0x00000007ab8dc6f8,0x00000007ab900000)
  to   space 4096K, 0% used [0x00000007ab100000,0x00000007ab100000,0x00000007ab500000)
 ParOldGen       total 1587712K, used 847991K [0x0000000701000000, 0x0000000761e80000, 0x0000000780580000)
  object space 1587712K, 53% used [0x0000000701000000,0x0000000734c1dd10,0x0000000761e80000)
 Metaspace       used 18185K, capacity 18534K, committed 18688K, reserved 1067008K
  class space    used 1876K, capacity 2007K, committed 2048K, reserved 1048576K
}
Event: 2911.719 GC heap before
{Heap before GC invocations=764 (full 39):
 PSYoungGen      total 211456K, used 211313K [0x0000000780580000, 0x00000007ab900000, 0x00000007c0000000)
  eden space 208896K, 100% used [0x0000000780580000,0x000000078d180000,0x000000078d180000)
  from space 2560K, 94% used [0x00000007ab680000,0x00000007ab8dc6f8,0x00000007ab900000)
  to   space 4096K, 0% used [0x00000007ab100000,0x00000007ab100000,0x00000007ab500000)
 ParOldGen       total 1587712K, used 847991K [0x0000000701000000, 0x0000000761e80000, 0x0000000780580000)
  object space 1587712K, 53% used [0x0000000701000000,0x0000000734c1dd10,0x0000000761e80000)
 Metaspace       used 18185K, capacity 18534K, committed 18688K, reserved 1067008K
  class space    used 1876K, capacity 2007K, committed 2048K, reserved 1048576K
Event: 2911.728 GC heap after
Heap after GC invocations=764 (full 39):
 PSYoungGen      total 210944K, used 2671K [0x0000000780580000, 0x00000007ab700000, 0x00000007c0000000)
  eden space 207872K, 0% used [0x0000000780580000,0x0000000780580000,0x000000078d080000)
  from space 3072K, 86% used [0x00000007ab100000,0x00000007ab39bc70,0x00000007ab400000)
  to   space 3072K, 0% used [0x00000007ab400000,0x00000007ab400000,0x00000007ab700000)
 ParOldGen       total 1587712K, used 848087K [0x0000000701000000, 0x0000000761e80000, 0x0000000780580000)
  object space 1587712K, 53% used [0x0000000701000000,0x0000000734c35d10,0x0000000761e80000)
 Metaspace       used 18185K, capacity 18534K, committed 18688K, reserved 1067008K
  class space    used 1876K, capacity 2007K, committed 2048K, reserved 1048576K
}

